0 info it worked if it ends with ok
1 verbose cli [ '/usr/local/opt/nvm/v0.10.32/bin/node',
1 verbose cli   '/usr/local/opt/nvm/v0.10.32/bin/npm',
1 verbose cli   'install',
1 verbose cli   '--save-dev',
1 verbose cli   'grunt-sass' ]
2 info using npm@1.4.28
3 info using node@v0.10.32
4 verbose node symlink /usr/local/opt/nvm/v0.10.32/bin/node
5 error Failed to parse json
5 error Unexpected token }
6 error File: /Applications/MAMP/htdocs/jQuery-plugins/image-wall/package.json
7 error Failed to parse package.json data.
7 error package.json must be actual JSON, not just JavaScript.
7 error
7 error This is not a bug in npm.
7 error Tell the package author to fix their package.json file. JSON.parse
8 error System Darwin 14.1.0
9 error command "/usr/local/opt/nvm/v0.10.32/bin/node" "/usr/local/opt/nvm/v0.10.32/bin/npm" "install" "--save-dev" "grunt-sass"
10 error cwd /Applications/MAMP/htdocs/jQuery-plugins/image-wall
11 error node -v v0.10.32
12 error npm -v 1.4.28
13 error file /Applications/MAMP/htdocs/jQuery-plugins/image-wall/package.json
14 error code EJSONPARSE
15 verbose exit [ 1, true ]
